Info: Nothing to build for 2015_v1
15:15:14 **** Incremental Build of configuration Debug for project 2015_v1 ****
Info: Internal Builder is used for build
arm-frc-linux-gnueabi-g++ -std=c++1y "-IC:\\Users\\FRC_2013/wpilib/cpp/current/include" "-IC:\\Users\\FRC_2013\\workspace\\2015_v1\\src" -O0 -g3 -Wall -c -fmessage-length=0 -o "src\\Commands\\autonStep.o" "..\\src\\Commands\\autonStep.cpp" 
arm-frc-linux-gnueabi-g++ "-LC:\\Users\\FRC_2013/wpilib/cpp/current/lib" -Wl,-rpath,/opt/GenICam_v2_3/bin/Linux_armv7-a -o FRCUserProgram "src\\myUltrasonic.o" "src\\Subsystems\\myCompressor.o" "src\\Subsystems\\Elevator.o" "src\\Subsystems\\Drive.o" "src\\Subsystems\\Antennae.o" "src\\Robot.o" "src\\OI.o" "src\\MyPID.o" "src\\LIDAR.o" "src\\IMUProcess.o" "src\\IMUAdvanced.o" "src\\IMU.o" "src\\Commands\\testCommand.o" "src\\Commands\\teleopCommand.o" "src\\Commands\\telMessages.o" "src\\Commands\\telControl.o" "src\\Commands\\telCompress.o" "src\\Commands\\pollLIDAR.o" "src\\Commands\\moveToLocation.o" "src\\Commands\\commandWithAutomation.o" "src\\Commands\\autonomousCommand.o" "src\\Commands\\autonTest.o" "src\\Commands\\autonStep.o" "src\\Commands\\autonNothing.o" "src\\Commands\\autonDriveIntoZone.o" "src\\Commands\\auton3T.o" "src\\Commands\\auton2T.o" "src\\Commands\\auton1T.o" "src\\CommandBase.o" "src\\BlankPIDOutput.o" -lwpi 
c:/frc/bin/../lib/gcc/arm-frc-linux-gnueabi/4.9.1/../../../../arm-frc-linux-gnueabi/bin/ld.exe: warning: libstdc++.so.6, needed by C:\Users\FRC_2013/wpilib/cpp/current/lib\libFRC_NetworkCommunication.so.1.5.0, not found (try using -rpath or -rpath-link)
Info: Nothing to build for LIDARTest
Info: Nothing to build for 2015_v1
Info: Nothing to build for LIDARTest
Info: Nothing to build for 2015_v1
Info: Nothing to build for LIDARTest
18:35:29 **** Incremental Build of configuration Debug for project 2015_v1 ****
Info: Internal Builder is used for build
arm-frc-linux-gnueabi-g++ -std=c++1y "-IC:\\Users\\FRC_2013/wpilib/cpp/current/include" "-IC:\\Users\\FRC_2013\\workspace\\2015_v1\\src" -O0 -g3 -Wall -c -fmessage-length=0 -o "src\\Commands\\commandWithAutomation.o" "..\\src\\Commands\\commandWithAutomation.cpp" 
arm-frc-linux-gnueabi-g++ "-LC:\\Users\\FRC_2013/wpilib/cpp/current/lib" -Wl,-rpath,/opt/GenICam_v2_3/bin/Linux_armv7-a -o FRCUserProgram "src\\myUltrasonic.o" "src\\Subsystems\\myCompressor.o" "src\\Subsystems\\Elevator.o" "src\\Subsystems\\Drive.o" "src\\Subsystems\\Antennae.o" "src\\Robot.o" "src\\OI.o" "src\\MyPID.o" "src\\LIDAR.o" "src\\IMUProcess.o" "src\\IMUAdvanced.o" "src\\IMU.o" "src\\Commands\\testCommand.o" "src\\Commands\\teleopCommand.o" "src\\Commands\\telMessages.o" "src\\Commands\\telControl.o" "src\\Commands\\telCompress.o" "src\\Commands\\pollLIDAR.o" "src\\Commands\\moveToLocation.o" "src\\Commands\\commandWithAutomation.o" "src\\Commands\\autonomousCommand.o" "src\\Commands\\autonTest.o" "src\\Commands\\autonStep.o" "src\\Commands\\autonNothing.o" "src\\Commands\\autonDriveIntoZone.o" "src\\Commands\\auton3T.o" "src\\Commands\\auton2T.o" "src\\Commands\\auton1T.o" "src\\CommandBase.o" "src\\BlankPIDOutput.o" -lwpi 
c:/frc/bin/../lib/gcc/arm-frc-linux-gnueabi/4.9.1/../../../../arm-frc-linux-gnueabi/bin/ld.exe: warning: libstdc++.so.6, needed by C:\Users\FRC_2013/wpilib/cpp/current/lib\libFRC_NetworkCommunication.so.1.5.0, not found (try using -rpath or -rpath-link)
Info: Nothing to build for LIDARTest
20:01:44 **** Incremental Build of configuration Debug for project 2015_v1 ****
Info: Internal Builder is used for build
arm-frc-linux-gnueabi-g++ -std=c++1y "-IC:\\Users\\FRC_2013/wpilib/cpp/current/include" "-IC:\\Users\\FRC_2013\\workspace\\2015_v1\\src" -O0 -g3 -Wall -c -fmessage-length=0 -o "src\\Commands\\autonomousCommand.o" "..\\src\\Commands\\autonomousCommand.cpp" 
arm-frc-linux-gnueabi-g++ -std=c++1y "-IC:\\Users\\FRC_2013/wpilib/cpp/current/include" "-IC:\\Users\\FRC_2013\\workspace\\2015_v1\\src" -O0 -g3 -Wall -c -fmessage-length=0 -o "src\\Robot.o" "..\\src\\Robot.cpp" 
arm-frc-linux-gnueabi-g++ -std=c++1y "-IC:\\Users\\FRC_2013/wpilib/cpp/current/include" "-IC:\\Users\\FRC_2013\\workspace\\2015_v1\\src" -O0 -g3 -Wall -c -fmessage-length=0 -o "src\\Commands\\auton3T.o" "..\\src\\Commands\\auton3T.cpp" 
arm-frc-linux-gnueabi-g++ -std=c++1y "-IC:\\Users\\FRC_2013/wpilib/cpp/current/include" "-IC:\\Users\\FRC_2013\\workspace\\2015_v1\\src" -O0 -g3 -Wall -c -fmessage-length=0 -o "src\\Commands\\commandWithAutomation.o" "..\\src\\Commands\\commandWithAutomation.cpp" 
arm-frc-linux-gnueabi-g++ -std=c++1y "-IC:\\Users\\FRC_2013/wpilib/cpp/current/include" "-IC:\\Users\\FRC_2013\\workspace\\2015_v1\\src" -O0 -g3 -Wall -c -fmessage-length=0 -o "src\\Commands\\auton2T.o" "..\\src\\Commands\\auton2T.cpp" 
arm-frc-linux-gnueabi-g++ -std=c++1y "-IC:\\Users\\FRC_2013/wpilib/cpp/current/include" "-IC:\\Users\\FRC_2013\\workspace\\2015_v1\\src" -O0 -g3 -Wall -c -fmessage-length=0 -o "src\\Commands\\autonStep.o" "..\\src\\Commands\\autonStep.cpp" 
arm-frc-linux-gnueabi-g++ -std=c++1y "-IC:\\Users\\FRC_2013/wpilib/cpp/current/include" "-IC:\\Users\\FRC_2013\\workspace\\2015_v1\\src" -O0 -g3 -Wall -c -fmessage-length=0 -o "src\\Commands\\autonTest.o" "..\\src\\Commands\\autonTest.cpp" 
arm-frc-linux-gnueabi-g++ -std=c++1y "-IC:\\Users\\FRC_2013/wpilib/cpp/current/include" "-IC:\\Users\\FRC_2013\\workspace\\2015_v1\\src" -O0 -g3 -Wall -c -fmessage-length=0 -o "src\\Commands\\autonDriveIntoZone.o" "..\\src\\Commands\\autonDriveIntoZone.cpp" 
arm-frc-linux-gnueabi-g++ -std=c++1y "-IC:\\Users\\FRC_2013/wpilib/cpp/current/include" "-IC:\\Users\\FRC_2013\\workspace\\2015_v1\\src" -O0 -g3 -Wall -c -fmessage-length=0 -o "src\\Commands\\teleopCommand.o" "..\\src\\Commands\\teleopCommand.cpp" 
arm-frc-linux-gnueabi-g++ -std=c++1y "-IC:\\Users\\FRC_2013/wpilib/cpp/current/include" "-IC:\\Users\\FRC_2013\\workspace\\2015_v1\\src" -O0 -g3 -Wall -c -fmessage-length=0 -o "src\\Commands\\auton1T.o" "..\\src\\Commands\\auton1T.cpp" 
arm-frc-linux-gnueabi-g++ -std=c++1y "-IC:\\Users\\FRC_2013/wpilib/cpp/current/include" "-IC:\\Users\\FRC_2013\\workspace\\2015_v1\\src" -O0 -g3 -Wall -c -fmessage-length=0 -o "src\\Commands\\telControl.o" "..\\src\\Commands\\telControl.cpp" 
arm-frc-linux-gnueabi-g++ "-LC:\\Users\\FRC_2013/wpilib/cpp/current/lib" -Wl,-rpath,/opt/GenICam_v2_3/bin/Linux_armv7-a -o FRCUserProgram "src\\myUltrasonic.o" "src\\Subsystems\\myCompressor.o" "src\\Subsystems\\Elevator.o" "src\\Subsystems\\Drive.o" "src\\Subsystems\\Antennae.o" "src\\Robot.o" "src\\OI.o" "src\\MyPID.o" "src\\LIDAR.o" "src\\IMUProcess.o" "src\\IMUAdvanced.o" "src\\IMU.o" "src\\Commands\\testCommand.o" "src\\Commands\\teleopCommand.o" "src\\Commands\\telMessages.o" "src\\Commands\\telControl.o" "src\\Commands\\telCompress.o" "src\\Commands\\pollLIDAR.o" "src\\Commands\\moveToLocation.o" "src\\Commands\\commandWithAutomation.o" "src\\Commands\\autonomousCommand.o" "src\\Commands\\autonTest.o" "src\\Commands\\autonStep.o" "src\\Commands\\autonNothing.o" "src\\Commands\\autonDriveIntoZone.o" "src\\Commands\\auton3T.o" "src\\Commands\\auton2T.o" "src\\Commands\\auton1T.o" "src\\CommandBase.o" "src\\BlankPIDOutput.o" -lwpi 
c:/frc/bin/../lib/gcc/arm-frc-linux-gnueabi/4.9.1/../../../../arm-frc-linux-gnueabi/bin/ld.exe: warning: libstdc++.so.6, needed by C:\Users\FRC_2013/wpilib/cpp/current/lib\libFRC_NetworkCommunication.so.1.5.0, not found (try using -rpath or -rpath-link)
Info: Nothing to build for LIDARTest
20:04:03 **** Incremental Build of configuration Debug for project 2015_v1 ****
Info: Internal Builder is used for build
arm-frc-linux-gnueabi-g++ -std=c++1y "-IC:\\Users\\FRC_2013/wpilib/cpp/current/include" "-IC:\\Users\\FRC_2013\\workspace\\2015_v1\\src" -O0 -g3 -Wall -c -fmessage-length=0 -o "src\\Commands\\commandWithAutomation.o" "..\\src\\Commands\\commandWithAutomation.cpp" 
arm-frc-linux-gnueabi-g++ "-LC:\\Users\\FRC_2013/wpilib/cpp/current/lib" -Wl,-rpath,/opt/GenICam_v2_3/bin/Linux_armv7-a -o FRCUserProgram "src\\myUltrasonic.o" "src\\Subsystems\\myCompressor.o" "src\\Subsystems\\Elevator.o" "src\\Subsystems\\Drive.o" "src\\Subsystems\\Antennae.o" "src\\Robot.o" "src\\OI.o" "src\\MyPID.o" "src\\LIDAR.o" "src\\IMUProcess.o" "src\\IMUAdvanced.o" "src\\IMU.o" "src\\Commands\\testCommand.o" "src\\Commands\\teleopCommand.o" "src\\Commands\\telMessages.o" "src\\Commands\\telControl.o" "src\\Commands\\telCompress.o" "src\\Commands\\pollLIDAR.o" "src\\Commands\\moveToLocation.o" "src\\Commands\\commandWithAutomation.o" "src\\Commands\\autonomousCommand.o" "src\\Commands\\autonTest.o" "src\\Commands\\autonStep.o" "src\\Commands\\autonNothing.o" "src\\Commands\\autonDriveIntoZone.o" "src\\Commands\\auton3T.o" "src\\Commands\\auton2T.o" "src\\Commands\\auton1T.o" "src\\CommandBase.o" "src\\BlankPIDOutput.o" -lwpi 
c:/frc/bin/../lib/gcc/arm-frc-linux-gnueabi/4.9.1/../../../../arm-frc-linux-gnueabi/bin/ld.exe: warning: libstdc++.so.6, needed by C:\Users\FRC_2013/wpilib/cpp/current/lib\libFRC_NetworkCommunication.so.1.5.0, not found (try using -rpath or -rpath-link)
Info: Nothing to build for LIDARTest
20:19:23 **** Incremental Build of configuration Debug for project 2015_v1 ****
Info: Internal Builder is used for build
arm-frc-linux-gnueabi-g++ -std=c++1y "-IC:\\Users\\FRC_2013/wpilib/cpp/current/include" "-IC:\\Users\\FRC_2013\\workspace\\2015_v1\\src" -O0 -g3 -Wall -c -fmessage-length=0 -o "src\\Robot.o" "..\\src\\Robot.cpp" 
arm-frc-linux-gnueabi-g++ -std=c++1y "-IC:\\Users\\FRC_2013/wpilib/cpp/current/include" "-IC:\\Users\\FRC_2013\\workspace\\2015_v1\\src" -O0 -g3 -Wall -c -fmessage-length=0 -o "src\\Commands\\autonBin.o" "..\\src\\Commands\\autonBin.cpp" 
arm-frc-linux-gnueabi-g++ -std=c++1y "-IC:\\Users\\FRC_2013/wpilib/cpp/current/include" "-IC:\\Users\\FRC_2013\\workspace\\2015_v1\\src" -O0 -g3 -Wall -c -fmessage-length=0 -o "src\\Commands\\autonStep.o" "..\\src\\Commands\\autonStep.cpp" 
arm-frc-linux-gnueabi-g++ -std=c++1y "-IC:\\Users\\FRC_2013/wpilib/cpp/current/include" "-IC:\\Users\\FRC_2013\\workspace\\2015_v1\\src" -O0 -g3 -Wall -c -fmessage-length=0 -o "src\\Commands\\auton2T.o" "..\\src\\Commands\\auton2T.cpp" 
arm-frc-linux-gnueabi-g++ -std=c++1y "-IC:\\Users\\FRC_2013/wpilib/cpp/current/include" "-IC:\\Users\\FRC_2013\\workspace\\2015_v1\\src" -O0 -g3 -Wall -c -fmessage-length=0 -o "src\\Commands\\autonomousCommand.o" "..\\src\\Commands\\autonomousCommand.cpp" 
arm-frc-linux-gnueabi-g++ "-LC:\\Users\\FRC_2013/wpilib/cpp/current/lib" -Wl,-rpath,/opt/GenICam_v2_3/bin/Linux_armv7-a -o FRCUserProgram "src\\myUltrasonic.o" "src\\Subsystems\\myCompressor.o" "src\\Subsystems\\Elevator.o" "src\\Subsystems\\Drive.o" "src\\Subsystems\\Antennae.o" "src\\Robot.o" "src\\OI.o" "src\\MyPID.o" "src\\LIDAR.o" "src\\IMUProcess.o" "src\\IMUAdvanced.o" "src\\IMU.o" "src\\Commands\\testCommand.o" "src\\Commands\\teleopCommand.o" "src\\Commands\\telMessages.o" "src\\Commands\\telControl.o" "src\\Commands\\telCompress.o" "src\\Commands\\pollLIDAR.o" "src\\Commands\\moveToLocation.o" "src\\Commands\\commandWithAutomation.o" "src\\Commands\\autonomousCommand.o" "src\\Commands\\autonTest.o" "src\\Commands\\autonStep.o" "src\\Commands\\autonNothing.o" "src\\Commands\\autonDriveIntoZone.o" "src\\Commands\\autonBin.o" "src\\Commands\\auton3T.o" "src\\Commands\\auton2T.o" "src\\Commands\\auton1T.o" "src\\CommandBase.o" "src\\BlankPIDOutput.o" -lwpi 
c:/frc/bin/../lib/gcc/arm-frc-linux-gnueabi/4.9.1/../../../../arm-frc-linux-gnueabi/bin/ld.exe: warning: libstdc++.so.6, needed by C:\Users\FRC_2013/wpilib/cpp/current/lib\libFRC_NetworkCommunication.so.1.5.0, not found (try using -rpath or -rpath-link)
Info: Nothing to build for LIDARTest
20:20:36 **** Incremental Build of configuration Debug for project 2015_v1 ****
Info: Internal Builder is used for build
arm-frc-linux-gnueabi-g++ -std=c++1y "-IC:\\Users\\FRC_2013/wpilib/cpp/current/include" "-IC:\\Users\\FRC_2013\\workspace\\2015_v1\\src" -O0 -g3 -Wall -c -fmessage-length=0 -o "src\\Commands\\auton2T.o" "..\\src\\Commands\\auton2T.cpp" 
arm-frc-linux-gnueabi-g++ "-LC:\\Users\\FRC_2013/wpilib/cpp/current/lib" -Wl,-rpath,/opt/GenICam_v2_3/bin/Linux_armv7-a -o FRCUserProgram "src\\myUltrasonic.o" "src\\Subsystems\\myCompressor.o" "src\\Subsystems\\Elevator.o" "src\\Subsystems\\Drive.o" "src\\Subsystems\\Antennae.o" "src\\Robot.o" "src\\OI.o" "src\\MyPID.o" "src\\LIDAR.o" "src\\IMUProcess.o" "src\\IMUAdvanced.o" "src\\IMU.o" "src\\Commands\\testCommand.o" "src\\Commands\\teleopCommand.o" "src\\Commands\\telMessages.o" "src\\Commands\\telControl.o" "src\\Commands\\telCompress.o" "src\\Commands\\pollLIDAR.o" "src\\Commands\\moveToLocation.o" "src\\Commands\\commandWithAutomation.o" "src\\Commands\\autonomousCommand.o" "src\\Commands\\autonTest.o" "src\\Commands\\autonStep.o" "src\\Commands\\autonNothing.o" "src\\Commands\\autonDriveIntoZone.o" "src\\Commands\\autonBin.o" "src\\Commands\\auton3T.o" "src\\Commands\\auton2T.o" "src\\Commands\\auton1T.o" "src\\CommandBase.o" "src\\BlankPIDOutput.o" -lwpi 
c:/frc/bin/../lib/gcc/arm-frc-linux-gnueabi/4.9.1/../../../../arm-frc-linux-gnueabi/bin/ld.exe: warning: libstdc++.so.6, needed by C:\Users\FRC_2013/wpilib/cpp/current/lib\libFRC_NetworkCommunication.so.1.5.0, not found (try using -rpath or -rpath-link)
Info: Nothing to build for LIDARTest
